<?xml version="1.0" encoding="UTF-8"?>
<!-- Generated by org.testng.reporters.JUnitReportReporter -->
<testsuite hostname="DESKTOP-08FKUO3" failures="0" tests="1" name="programs.SortedSetTest" time="0.024" errors="0" timestamp="2022-10-07T11:25:22 IST" skipped="0">
  <testcase classname="programs.SortedSetTest" name="sort" time="0.024"/>
  <system-out/>
</testsuite> <!-- programs.SortedSetTest -->
