<?xml version="1.0" encoding="UTF-8"?>
<!-- Generated by org.testng.reporters.JUnitReportReporter -->
<testsuite hostname="DESKTOP-08FKUO3" failures="0" tests="1" name="programs.TreeSetTest" time="0.013" errors="0" timestamp="2022-10-07T11:32:24 IST" skipped="0">
  <testcase classname="programs.TreeSetTest" name="sort" time="0.013"/>
  <system-out/>
</testsuite> <!-- programs.TreeSetTest -->
