<?xml version="1.0" encoding="UTF-8"?>
<!-- Generated by org.testng.reporters.JUnitReportReporter -->
<testsuite hostname="DESKTOP-08FKUO3" failures="0" tests="1" name="programs.HashTableTest" time="0.016" errors="0" timestamp="2022-10-07T12:41:17 IST" skipped="0">
  <testcase classname="programs.HashTableTest" name="hashtable" time="0.016"/>
  <system-out/>
</testsuite> <!-- programs.HashTableTest -->
